
                  X               _temp_1            _temp_2            _temp_3     

                0.                 0.                 0.                 0.         
                3.E-03           102.073E-15        179.056E-15        330.611E-15  
                6.E-03           260.434E-15        431.419E-15        740.906E-15  
                9.E-03           475.421E-15        757.532E-15          1.23136E-12
               12.E-03           852.039E-15          1.25642E-12        1.91166E-12
               15.E-03             1.30017E-12        1.82111E-12        2.64859E-12
               18.E-03             1.82062E-12        2.45227E-12        3.44259E-12
               21.E-03             2.48949E-12        3.20404E-12        4.3143E-12 
               24.E-03             3.23073E-12        4.00516E-12        5.19874E-12
               27.E-03             4.04561E-12        4.85639E-12        6.09583E-12
               30.E-03             5.0061E-12         5.78911E-12        6.97617E-12
               33.E-03             6.03851E-12        6.75242E-12        7.82278E-12
               36.E-03             7.14455E-12        7.74688E-12        8.63438E-12
               39.E-03             8.39377E-12        8.78445E-12        9.33564E-12
               42.E-03             9.71444E-12        9.83395E-12        9.95691E-12
               45.E-03            11.1087E-12        10.8955E-12        10.4952E-12 
               48.E-03            12.6439E-12        11.9621E-12        10.8301E-12 
               51.E-03            14.25E-12          13.0218E-12        11.0386E-12 
               54.E-03            15.9295E-12        14.0741E-12        11.1153E-12 
               57.E-03            17.7479E-12        15.0939E-12        10.8966E-12 
               60.E-03            19.6365E-12        16.0879E-12        10.5049E-12 
               63.E-03            21.5982E-12        17.0547E-12         9.93208E-12
               66.E-03            23.6971E-12        17.9517E-12         8.97246E-12
               69.E-03            25.8654E-12        18.8041E-12         7.79323E-12
               72.E-03            28.1065E-12        19.6093E-12         6.38278E-12
               75.E-03            30.4828E-12        20.3076E-12         4.49483E-12
               78.E-03            32.9279E-12        20.9424E-12         2.34066E-12
               81.E-03            35.4455E-12        21.5097E-12       -95.3791E-15 
               84.E-03            38.0965E-12        21.9334E-12        -3.09907E-12
               87.E-03            40.8155E-12        22.2746E-12        -6.4156E-12 
               90.E-03            43.6067E-12        22.5278E-12       -10.0651E-12 
               93.E-03            46.5295E-12        22.601E-12        -14.372E-12  
               96.E-03            49.5196E-12        22.5727E-12       -19.0383E-12 
               99.E-03            52.5814E-12        22.4357E-12       -24.0893E-12 
              102.E-03            55.7732E-12        22.0823E-12       -29.8868E-12 
              105.E-03            59.0315E-12        21.6086E-12       -36.0903E-12 
              108.E-03            62.3611E-12        21.0053E-12       -42.7307E-12 
              111.E-03            65.8189E-12        20.1493E-12       -50.2062E-12 
              114.E-03            69.3426E-12        19.1541E-12       -58.1345E-12 
              117.E-03            72.9375E-12        18.0082E-12       -66.5528E-12 
              120.E-03            76.6579E-12        16.5742E-12       -75.8919E-12 
              123.E-03            80.4435E-12        14.982E-12        -85.7305E-12 
              126.E-03            84.2995E-12        13.2174E-12       -96.1128E-12 
              129.E-03            88.281E-12         11.1272E-12      -107.512E-12  
              132.E-03            92.3312E-12         8.85732E-12     -119.471E-12  
              135.E-03            96.4569E-12         6.39049E-12     -132.042E-12  
              138.E-03           100.717E-12          3.56051E-12     -145.737E-12  
              141.E-03           105.047E-12        533.316E-15       -160.033E-12  
              144.E-03           109.452E-12         -2.71093E-12     -174.991E-12  
              147.E-03           113.972E-12         -6.34346E-12     -191.102E-12  
              150.E-03           118.545E-12        -10.1872E-12      -207.822E-12  
              153.E-03           123.175E-12        -14.2646E-12      -225.216E-12  
              156.E-03           127.888E-12        -18.7556E-12      -243.764E-12  
              159.E-03           132.639E-12        -23.4684E-12      -262.92E-12   
              162.E-03           137.434E-12        -28.4279E-12      -282.75E-12   
              165.E-03           142.285E-12        -33.8035E-12      -303.696E-12  
              168.E-03           147.159E-12        -39.3954E-12      -325.21E-12   
              171.E-03           152.056E-12        -45.2279E-12      -347.356E-12  
              174.E-03           156.975E-12        -51.4579E-12      -370.517E-12  
              177.E-03           161.898E-12        -57.8942E-12      -394.192E-12  
              180.E-03           166.824E-12        -64.561E-12       -418.439E-12  
              183.E-03           171.748E-12        -71.6004E-12      -443.597E-12  
              186.E-03           176.666E-12        -78.8263E-12      -469.205E-12  
              189.E-03           181.577E-12        -86.2605E-12      -495.317E-12  
              192.E-03           186.473E-12        -94.0167E-12      -522.198E-12  
              195.E-03           191.356E-12       -101.931E-12       -549.451E-12  
              198.E-03           196.225E-12       -110.023E-12       -577.119E-12  
              201.E-03           201.067E-12       -118.383E-12       -605.404E-12  
              204.E-03           205.895E-12       -126.87E-12        -633.983E-12  
              207.E-03           210.707E-12       -135.5E-12         -662.89E-12   
              210.E-03           215.499E-12       -144.329E-12       -692.26E-12   
              213.E-03           220.284E-12       -153.25E-12        -721.844E-12  
              216.E-03           225.058E-12       -162.269E-12       -751.658E-12  
              219.E-03           229.821E-12       -171.414E-12       -781.765E-12  
              222.E-03           234.583E-12       -180.613E-12       -812.006E-12  
              225.E-03           239.341E-12       -189.867E-12       -842.379E-12  
              228.E-03           244.103E-12       -199.174E-12       -872.891E-12  
              231.E-03           248.874E-12       -208.493E-12       -903.453E-12  
              234.E-03           253.653E-12       -217.821E-12       -934.049E-12  
              237.E-03           258.454E-12       -227.124E-12       -964.621E-12  
              240.E-03           263.274E-12       -236.401E-12       -995.16E-12   
              243.E-03           268.111E-12       -245.64E-12          -1.02563E-09
              246.E-03           272.985E-12       -254.789E-12         -1.05595E-09
              249.E-03           277.885E-12       -263.878E-12         -1.08617E-09
              252.E-03           282.811E-12       -272.888E-12         -1.11624E-09
              255.E-03           287.786E-12       -281.746E-12         -1.14603E-09
              258.E-03           292.793E-12       -290.511E-12         -1.17565E-09
              261.E-03           297.832E-12       -299.161E-12         -1.20505E-09
              264.E-03           302.923E-12       -307.61E-12          -1.23406E-09
              267.E-03           308.048E-12       -315.947E-12         -1.26286E-09
              270.E-03           313.204E-12       -324.145E-12         -1.29139E-09
              273.E-03           318.409E-12       -332.109E-12         -1.31946E-09
              276.E-03           323.642E-12       -339.945E-12         -1.34728E-09
              279.E-03           328.904E-12       -347.619E-12         -1.37477E-09
              282.E-03           334.204E-12       -355.039E-12         -1.40174E-09
              285.E-03           339.525E-12       -362.327E-12         -1.42845E-09
              288.E-03           344.866E-12       -369.452E-12         -1.45482E-09
              291.E-03           350.224E-12       -376.335E-12         -1.48068E-09
              294.E-03           355.59E-12        -383.093E-12         -1.50628E-09
              297.E-03           360.959E-12       -389.695E-12         -1.53154E-09
              300.E-03           366.318E-12       -396.07E-12          -1.55629E-09
              303.E-03           371.672E-12       -402.337E-12         -1.5808E-09 
              306.E-03           377.012E-12       -408.469E-12         -1.605E-09  
              309.E-03           382.32E-12        -414.432E-12         -1.6288E-09 
              312.E-03           387.609E-12       -420.323E-12         -1.65242E-09
              315.E-03           392.867E-12       -426.122E-12         -1.67581E-09
              318.E-03           398.065E-12       -431.818E-12         -1.69891E-09
              321.E-03           403.228E-12       -437.479E-12         -1.7219E-09 
              324.E-03           408.34E-12        -443.092E-12         -1.74473E-09
              327.E-03           413.364E-12       -448.681E-12         -1.76741E-09
              330.E-03           418.339E-12       -454.284E-12         -1.79006E-09
              333.E-03           423.243E-12       -459.902E-12         -1.81267E-09
              336.E-03           428.031E-12       -465.59E-12          -1.83528E-09
              339.E-03           432.755E-12       -471.345E-12         -1.85796E-09
              342.E-03           437.39E-12        -477.18E-12          -1.88071E-09
              345.E-03           441.886E-12       -483.176E-12         -1.90362E-09
              348.E-03           446.304E-12       -489.287E-12         -1.92669E-09
              351.E-03           450.618E-12       -495.539E-12         -1.94992E-09
              354.E-03           454.76E-12        -502.027E-12         -1.97345E-09
              357.E-03           458.802E-12       -508.675E-12         -1.99721E-09
              360.E-03           462.71E-12        -515.516E-12         -2.02122E-09
              363.E-03           466.407E-12       -522.673E-12         -2.04565E-09
              366.E-03           469.984E-12       -530.033E-12         -2.07038E-09
              369.E-03           473.403E-12       -537.642E-12         -2.09546E-09
              372.E-03           476.583E-12       -545.625E-12         -2.12105E-09
              375.E-03           479.627E-12       -553.834E-12         -2.14698E-09
              378.E-03           482.489E-12       -562.316E-12         -2.17328E-09
              381.E-03           485.082E-12       -571.194E-12         -2.20011E-09
              384.E-03           487.523E-12       -580.311E-12         -2.22729E-09
              387.E-03           489.762E-12       -589.719E-12         -2.25486E-09
              390.E-03           491.713E-12       -599.541E-12         -2.28298E-09
              393.E-03           493.504E-12       -609.604E-12         -2.31144E-09
              396.E-03           495.082E-12       -619.962E-12         -2.34028E-09
              399.E-03           496.365E-12       -630.716E-12         -2.36963E-09
              402.E-03           497.486E-12       -641.7E-12           -2.3993E-09 
              405.E-03           498.392E-12       -652.962E-12         -2.42931E-09
              408.E-03           499.007E-12       -664.594E-12         -2.45978E-09
              411.E-03           499.462E-12       -676.442E-12         -2.49054E-09
              414.E-03           499.704E-12       -688.549E-12         -2.5216E-09 
              417.E-03           499.666E-12       -700.992E-12         -2.55306E-09
              420.E-03           499.463E-12       -713.61E-12          -2.5847E-09 
              423.E-03           499.063E-12       -726.468E-12         -2.61663E-09
              426.E-03           498.408E-12       -739.617E-12         -2.64889E-09
              429.E-03           497.599E-12       -752.914E-12         -2.68129E-09
              432.E-03           496.602E-12       -766.407E-12         -2.71388E-09
              435.E-03           495.358E-12       -780.135E-12         -2.74669E-09
              438.E-03           493.968E-12       -793.982E-12         -2.77957E-09
              441.E-03           492.402E-12       -807.995E-12         -2.8126E-09 
              444.E-03           490.614E-12       -822.195E-12         -2.84576E-09
              447.E-03           488.69E-12        -836.479E-12         -2.87893E-09
              450.E-03           486.6E-12         -850.88E-12          -2.91214E-09
              453.E-03           484.295E-12       -865.412E-12         -2.94537E-09
              456.E-03           481.858E-12       -880.003E-12         -2.97854E-09
              459.E-03           479.263E-12       -894.69E-12          -3.01173E-09
              462.E-03           476.461E-12       -909.476E-12         -3.04488E-09
              465.E-03           473.532E-12       -924.296E-12         -3.07792E-09
              468.E-03           470.445E-12       -939.168E-12         -3.11088E-09
              471.E-03           467.149E-12       -954.094E-12         -3.14367E-09
              474.E-03           463.722E-12       -969.04E-12          -3.17634E-09
              477.E-03           460.132E-12       -984.034E-12         -3.2089E-09 
              480.E-03           456.32E-12        -999.082E-12         -3.2413E-09 
              483.E-03           452.367E-12         -1.01414E-09       -3.27353E-09
              486.E-03           448.231E-12         -1.02922E-09       -3.30558E-09
              489.E-03           443.854E-12         -1.04434E-09       -3.33738E-09
              492.E-03           439.324E-12         -1.05946E-09       -3.369E-09  
              495.E-03           434.598E-12         -1.07462E-09       -3.40046E-09
              498.E-03           429.603E-12         -1.08985E-09       -3.43172E-09
              501.E-03           424.433E-12         -1.10509E-09       -3.4628E-09 
              504.E-03           419.031E-12         -1.12039E-09       -3.4937E-09 
              507.E-03           413.319E-12         -1.13575E-09       -3.52433E-09
              510.E-03           407.427E-12         -1.15118E-09       -3.5549E-09 
              513.E-03           401.274E-12         -1.16666E-09       -3.58526E-09
              516.E-03           394.792E-12         -1.18225E-09       -3.61546E-09
              519.E-03           388.103E-12         -1.19792E-09       -3.64557E-09
              522.E-03           381.132E-12         -1.2137E-09        -3.67558E-09
              525.E-03           373.794E-12         -1.22964E-09       -3.70547E-09
              528.E-03           366.242E-12         -1.24571E-09       -3.73541E-09
              531.E-03           358.381E-12         -1.26191E-09       -3.76526E-09
              534.E-03           350.163E-12         -1.27829E-09       -3.79508E-09
              537.E-03           341.734E-12         -1.29479E-09       -3.82491E-09
              540.E-03           333.025E-12         -1.31145E-09       -3.85473E-09
              543.E-03           323.993E-12         -1.32828E-09       -3.88453E-09
              546.E-03           314.779E-12         -1.34526E-09       -3.91446E-09
              549.E-03           305.305E-12         -1.36239E-09       -3.94439E-09
              552.E-03           295.535E-12         -1.37974E-09       -3.97444E-09
              555.E-03           285.588E-12         -1.39723E-09       -4.00458E-09
              558.E-03           275.406E-12         -1.4149E-09        -4.03483E-09
              561.E-03           264.957E-12         -1.43277E-09       -4.06518E-09
              564.E-03           254.361E-12         -1.45079E-09       -4.09569E-09
              567.E-03           243.556E-12         -1.46894E-09       -4.12625E-09
              570.E-03           232.524E-12         -1.48726E-09       -4.1569E-09 
              573.E-03           221.361E-12         -1.50566E-09       -4.18761E-09
              576.E-03           210.024E-12         -1.52418E-09       -4.2184E-09 
              579.E-03           198.515E-12         -1.54279E-09       -4.24919E-09
              582.E-03           186.925E-12         -1.56147E-09       -4.28007E-09
              585.E-03           175.229E-12         -1.58016E-09       -4.31089E-09
              588.E-03           163.465E-12         -1.59881E-09       -4.34158E-09
              591.E-03           151.675E-12         -1.61741E-09       -4.37217E-09
              594.E-03           139.867E-12         -1.63591E-09       -4.40259E-09
              597.E-03           128.089E-12         -1.65423E-09       -4.43269E-09
              600.E-03           116.36E-12          -1.67244E-09       -4.46269E-09
              603.E-03           104.719E-12         -1.69041E-09       -4.49232E-09
              606.E-03            93.2639E-12        -1.708E-09         -4.52145E-09
              609.E-03            81.952E-12         -1.72534E-09       -4.55024E-09
              612.E-03            70.8689E-12        -1.74226E-09       -4.57849E-09
              615.E-03            60.1161E-12        -1.75862E-09       -4.60599E-09
              618.E-03            49.6042E-12        -1.77464E-09       -4.63312E-09
              621.E-03            39.4628E-12        -1.79006E-09       -4.65948E-09
              624.E-03            29.844E-12         -1.80472E-09       -4.6849E-09 
              627.E-03            20.5925E-12        -1.81885E-09       -4.70968E-09
              630.E-03            11.902E-12         -1.83218E-09       -4.73351E-09
              633.E-03             3.92435E-12       -1.84452E-09       -4.75612E-09
              636.E-03            -3.56725E-12       -1.85624E-09       -4.77806E-09
              639.E-03           -10.3275E-12        -1.86696E-09       -4.79881E-09
              642.E-03           -16.1614E-12        -1.87648E-09       -4.81817E-09
              645.E-03           -21.3609E-12        -1.8852E-09        -4.83661E-09
              648.E-03           -25.6005E-12        -1.89272E-09       -4.85369E-09
              651.E-03           -28.683E-12         -1.89879E-09       -4.86912E-09
              654.E-03           -30.9945E-12        -1.90396E-09       -4.88362E-09
              657.E-03           -32.1549E-12        -1.90773E-09       -4.89652E-09
              660.E-03           -31.9436E-12        -1.90988E-09       -4.90767E-09
              663.E-03           -30.8043E-12        -1.91096E-09       -4.91767E-09
              666.E-03           -28.2639E-12        -1.91044E-09       -4.92597E-09
              669.E-03           -24.0803E-12        -1.90807E-09       -4.93232E-09
              672.E-03           -18.8083E-12        -1.90455E-09       -4.93755E-09
              675.E-03           -11.9133E-12        -1.89923E-09       -4.94091E-09
              678.E-03            -3.1694E-12        -1.89194E-09       -4.94229E-09
              681.E-03             6.81241E-12       -1.88334E-09       -4.94238E-09
              684.E-03            18.6567E-12        -1.8728E-09        -4.94058E-09
              687.E-03            32.6253E-12        -1.86009E-09       -4.93667E-09
              690.E-03            48.0036E-12        -1.846E-09         -4.93153E-09
              693.E-03            65.4892E-12        -1.8298E-09        -4.9244E-09 
              696.E-03            85.291E-12         -1.81135E-09       -4.91522E-09
              699.E-03           106.632E-12         -1.79141E-09       -4.90469E-09
              702.E-03           130.284E-12         -1.76926E-09       -4.8922E-09 
              705.E-03           156.476E-12         -1.7447E-09        -4.87756E-09
              708.E-03           184.358E-12         -1.7186E-09        -4.86167E-09
              711.E-03           214.771E-12         -1.69014E-09       -4.84372E-09
              714.E-03           247.87E-12          -1.65923E-09       -4.82369E-09
              717.E-03           282.751E-12         -1.62669E-09       -4.80231E-09
              720.E-03           320.306E-12         -1.59175E-09       -4.77892E-09
              723.E-03           360.713E-12         -1.55425E-09       -4.75343E-09
              726.E-03           403.035E-12         -1.51511E-09       -4.7267E-09 
              729.E-03           448.237E-12         -1.47342E-09       -4.6979E-09 
              732.E-03           496.438E-12         -1.42914E-09       -4.66707E-09
              735.E-03           546.625E-12         -1.38315E-09       -4.63492E-09
              738.E-03           599.796E-12         -1.33461E-09       -4.6008E-09 
              741.E-03           656.03E-12          -1.28348E-09       -4.56469E-09
              744.E-03           847.214E-12         -1.42579E-09       -5.27979E-09
              747.E-03             1.43541E-09       -2.14395E-09       -8.22321E-09
              750.E-03             1.23575E-09       -1.69808E-09       -6.68641E-09
              753.E-03           906.871E-12         -1.05774E-09       -4.40498E-09
              756.E-03           976.646E-12       -995.617E-12         -4.36102E-09
              759.E-03             1.04952E-09     -931.056E-12         -4.31538E-09
              762.E-03             1.12448E-09     -864.914E-12         -4.26876E-09
              765.E-03             1.20255E-09     -796.37E-12          -4.22053E-09
              768.E-03             1.28376E-09     -725.452E-12         -4.17078E-09
              771.E-03             1.36713E-09     -652.923E-12         -4.12001E-09
              774.E-03             1.45382E-09     -577.917E-12         -4.0677E-09 
              777.E-03             1.5439E-09      -500.424E-12         -4.01383E-09
              780.E-03             1.6363E-09      -421.276E-12         -3.95903E-09
              783.E-03             1.7322E-09      -339.586E-12         -3.90269E-09
              786.E-03             1.83162E-09     -255.409E-12         -3.8449E-09 
              789.E-03             1.93346E-09     -169.526E-12         -3.78614E-09
              792.E-03             2.0391E-09       -80.9871E-12        -3.72587E-09
              795.E-03             2.14859E-09       10.2183E-12        -3.66408E-09
              798.E-03             2.26078E-09      103.243E-12         -3.60138E-09
              801.E-03             2.37709E-09      199.083E-12         -3.53711E-09
              804.E-03             2.49746E-09      297.651E-12         -3.4714E-09 
              807.E-03             2.62067E-09      398.11E-12          -3.4047E-09 
              810.E-03             2.74836E-09      501.548E-12         -3.33646E-09
              813.E-03             2.8806E-09       607.989E-12         -3.26667E-09
              816.E-03             3.01611E-09      716.544E-12         -3.19589E-09
              819.E-03             3.1567E-09       828.427E-12         -3.12345E-09
              822.E-03             3.30229E-09      943.528E-12         -3.04945E-09
              825.E-03             3.45139E-09        1.06088E-09       -2.97439E-09
              828.E-03             3.60606E-09        1.18182E-09       -2.89763E-09
              831.E-03             3.76633E-09        1.30634E-09       -2.81917E-09
              834.E-03             3.93056E-09        1.43342E-09       -2.7395E-09 
              837.E-03             4.10123E-09        1.56464E-09       -2.65788E-09
              840.E-03             4.27803E-09        1.69983E-09       -2.57431E-09
              843.E-03             4.4594E-09         1.83793E-09       -2.48952E-09
              846.E-03             4.64771E-09        1.98052E-09       -2.40253E-09
              849.E-03             4.84287E-09        2.12755E-09       -2.31343E-09
              852.E-03             5.04293E-09        2.27778E-09       -2.22279E-09
              855.E-03             5.251E-09          2.43326E-09       -2.1296E-09 
              858.E-03             5.46676E-09        2.59381E-09       -2.0339E-09 
              861.E-03             5.68797E-09        2.75797E-09       -1.93642E-09
              864.E-03             5.91794E-09        2.92795E-09       -1.83603E-09
              867.E-03             6.1562E-09         3.10348E-09       -1.73283E-09
              870.E-03             6.40042E-09        3.28301E-09       -1.62759E-09
              873.E-03             6.65442E-09        3.46915E-09       -1.51895E-09
              876.E-03             6.9176E-09         3.66157E-09       -1.40694E-09
              879.E-03             7.18776E-09        3.85872E-09       -1.2926E-09 
              882.E-03             7.4686E-09         4.06323E-09       -1.17426E-09
              885.E-03             7.75941E-09        4.27465E-09       -1.05221E-09
              888.E-03             8.05737E-09        4.49104E-09     -927.472E-12  
              891.E-03             8.36699E-09        4.71557E-09     -798.318E-12  
              894.E-03             8.68737E-09        4.94767E-09     -665.012E-12  
              897.E-03             9.01548E-09        5.18523E-09     -528.7E-12    
              900.E-03             9.35622E-09        5.43174E-09     -387.433E-12  
              903.E-03             9.70822E-09        5.68631E-09     -241.665E-12  
              906.E-03            10.0683E-09         5.94666E-09      -92.6617E-12 
              909.E-03            10.4414E-09         6.2164E-09        61.622E-12  
              912.E-03            10.8256E-09         6.49429E-09      220.579E-12  
              915.E-03            11.2186E-09         6.77846E-09      382.923E-12  
              918.E-03            11.6247E-09         7.07225E-09      550.792E-12  
              921.E-03            12.0423E-09         7.37452E-09      723.478E-12  
              924.E-03            12.468E-09          7.68286E-09      899.62E-12   
              927.E-03            12.9069E-09         8.00097E-09        1.08134E-09
              930.E-03            13.3564E-09         8.32713E-09        1.26767E-09
              933.E-03            13.8135E-09         8.65902E-09        1.45728E-09
              936.E-03            14.2826E-09         9.00002E-09        1.6521E-09 
              939.E-03            14.7613E-09         9.34851E-09        1.85122E-09
              942.E-03            15.2469E-09         9.70234E-09        2.0534E-09 
              945.E-03            15.7432E-09        10.0646E-09         2.26043E-09
              948.E-03            16.2469E-09        10.4329E-09         2.471E-09  
              951.E-03            16.7562E-09        10.8057E-09         2.68408E-09
              954.E-03            17.2716E-09        11.1839E-09         2.90039E-09
              957.E-03            17.7897E-09        11.565E-09          3.11849E-09
              960.E-03            18.3093E-09        11.9479E-09         3.33769E-09
              963.E-03            18.8297E-09        12.3325E-09         3.55806E-09
              966.E-03            19.3491E-09        12.7176E-09         3.77879E-09
              969.E-03            19.8674E-09        13.1027E-09         3.99964E-09
              972.E-03            20.3828E-09        13.4871E-09         4.22024E-09
              975.E-03            20.8935E-09        13.8694E-09         4.43977E-09
              978.E-03            21.3998E-09        14.2495E-09         4.65823E-09
              981.E-03            21.896E-09         14.6241E-09         4.87396E-09
              984.E-03            22.3798E-09        14.9916E-09         5.08611E-09
              987.E-03            22.8549E-09        15.3541E-09         5.29561E-09
              990.E-03            23.3109E-09        15.7053E-09         5.49936E-09
              993.E-03            23.7486E-09        16.0453E-09         5.69742E-09
              996.E-03            24.1715E-09        16.3764E-09         5.8909E-09 
              999.E-03            24.5665E-09        16.6902E-09         6.07564E-09
                1.002             24.9341E-09        16.987E-09          6.25179E-09
                1.005             25.2801E-09        17.2704E-09         6.42116E-09
                1.008             25.5862E-09        17.5287E-09         6.57796E-09
                1.011             25.8567E-09        17.7645E-09         6.72348E-09
                1.014             26.0986E-09        17.9823E-09         6.86001E-09
                1.017             26.2902E-09        18.1682E-09         6.98064E-09
                1.02              26.437E-09         18.3256E-09         7.0871E-09 
                1.023             26.5476E-09        18.46E-09           7.18222E-09
                1.026             26.5934E-09        18.553E-09          7.25703E-09
                1.029             26.5843E-09        18.6108E-09         7.31465E-09
                1.032             26.5323E-09        18.6413E-09         7.35891E-09
                1.035             26.4041E-09        18.6229E-09         7.37933E-09
                1.038             26.2113E-09        18.5629E-09         7.37963E-09
                1.041             25.968E-09         18.4703E-09         7.36419E-09
                1.044             25.6333E-09        18.3188E-09         7.32036E-09
                1.047             25.2236E-09        18.1188E-09         7.25331E-09
                1.05              24.7549E-09        17.8807E-09         7.16805E-09
                1.053             24.1835E-09        17.576E-09          7.05103E-09
                1.056             23.529E-09         17.2171E-09         6.90827E-09
                1.059             22.8084E-09        16.8151E-09         6.745E-09  
                1.062             21.9701E-09        16.3357E-09         6.54512E-09
                1.065             21.0372E-09        15.794E-09          6.31577E-09
                1.068             20.0304E-09        15.2035E-09         6.06341E-09
                1.071             18.8933E-09        14.5267E-09         5.77046E-09
                1.074             17.6544E-09        13.7821E-09         5.4456E-09 
                1.077             16.3356E-09        12.9839E-09         5.09557E-09
                1.08              14.8747E-09        12.0896E-09         4.70029E-09
                1.083             13.3027E-09        11.1191E-09         4.26905E-09
                1.086             11.643E-09         10.0883E-09         3.8094E-09 
                1.089              9.82869E-09        8.95063E-09        3.29935E-09
                1.092              7.89766E-09        7.73153E-09        2.7508E-09 
                1.095              5.87433E-09        6.44756E-09        2.1716E-09 
                1.098              3.68926E-09        5.04819E-09        1.53756E-09
                1.101              1.38339E-09        3.56002E-09      860.976E-12  
                1.104             -1.01793E-09        2.00128E-09      150.524E-12  
                1.107             -3.58741E-09      316.192E-12       -620.847E-12  
                1.11              -6.27944E-09       -1.46275E-09       -1.43767E-09
                1.113             -9.06813E-09       -3.31629E-09       -2.29073E-09
                1.116            -12.0246E-09        -5.30216E-09       -3.20858E-09
                1.119            -15.0993E-09        -7.3862E-09        -4.17531E-09
                1.122            -18.2666E-09        -9.54852E-09       -5.18118E-09
                1.125            -21.5948E-09       -11.8518E-09        -6.25851E-09
                1.128            -25.0345E-09       -14.2573E-09        -7.38824E-09
                1.131            -28.5613E-09       -16.7439E-09        -8.55978E-09
                1.134            -32.2365E-09       -19.3741E-09        -9.80621E-09
                1.137            -36.0083E-09       -22.1063E-09       -11.1073E-09 
                1.14             -39.8555E-09       -24.9204E-09       -12.4527E-09 
                1.143            -43.8237E-09       -27.8796E-09       -13.8788E-09 
                1.146            -47.8675E-09       -30.9414E-09       -15.3636E-09 
                1.149            -51.9702E-09       -34.0855E-09       -16.8957E-09 
                1.152            -56.1659E-09       -37.3747E-09       -18.5131E-09 
                1.155            -60.4121E-09       -40.7617E-09       -20.1905E-09 
                1.158            -64.6934E-09       -44.2258E-09       -21.9159E-09 
                1.161            -69.0163E-09       -47.8228E-09       -23.7284E-09 
                1.164            -73.3413E-09       -51.5032E-09       -25.6011E-09 
                1.167            -77.6608E-09       -55.2484E-09       -27.5217E-09 
                1.17             -81.9442E-09       -59.1019E-09       -29.5282E-09 
                1.173            -86.1804E-09       -63.024E-09        -31.5937E-09 
                1.176            -90.3748E-09       -67.0015E-09       -33.7076E-09 
                1.179            -94.4724E-09       -71.0727E-09       -35.9077E-09 
                1.182            -98.482E-09        -75.2001E-09       -38.1658E-09 
                1.185           -102.415E-09        -79.3716E-09       -40.4714E-09 
                1.188           -106.18E-09         -83.6084E-09       -42.8604E-09 
                1.191           -109.802E-09        -87.8757E-09       -45.304E-09  
                1.194           -113.297E-09        -92.1638E-09       -47.7915E-09 
                1.197           -116.537E-09        -96.481E-09        -50.3593E-09 
                1.2             -119.581E-09       -100.806E-09        -52.979E-09  
                1.203           -122.454E-09       -105.13E-09         -55.6391E-09 
                1.206           -124.997E-09       -109.437E-09        -58.3697E-09 
                1.209           -127.301E-09       -113.712E-09        -61.1414E-09 
                1.212           -129.401E-09       -117.955E-09        -63.9466E-09 
                1.215           -131.101E-09       -122.115E-09        -66.8063E-09 
                1.218           -132.518E-09       -126.2E-09          -69.6967E-09 
                1.221           -133.694E-09       -130.221E-09        -72.6118E-09 
                1.224           -134.417E-09       -134.096E-09        -75.5645E-09 
                1.227           -134.846E-09       -137.852E-09        -78.5321E-09 
                1.23            -135.028E-09       -141.5E-09          -81.5091E-09 
                1.233           -134.777E-09       -144.922E-09        -84.4959E-09 
                1.236           -134.26E-09        -148.173E-09        -87.4804E-09 
                1.239           -133.513E-09       -151.271E-09        -90.4584E-09 
                1.242           -132.364E-09       -154.062E-09        -93.4163E-09 
                1.245           -130.971E-09       -156.635E-09        -96.3496E-09 
                1.248           -129.373E-09       -159.019E-09        -99.2597E-09 
                1.251           -127.427E-09       -161.024E-09       -102.108E-09  
                1.254           -125.285E-09       -162.762E-09       -104.903E-09  
                1.257           -122.979E-09       -164.269E-09       -107.651E-09  
                1.26            -120.406E-09       -165.321E-09       -110.295E-09  
                1.263           -117.685E-09       -166.074E-09       -112.861E-09  
                1.266           -114.839E-09       -166.564E-09       -115.353E-09  
                1.269           -111.792E-09       -166.572E-09       -117.697E-09  
                1.272           -108.64E-09        -166.281E-09       -119.931E-09  
                1.275           -105.396E-09       -165.723E-09       -122.062E-09  
                1.278           -102.017E-09       -164.676E-09       -123.986E-09  
                1.281            -98.5758E-09      -163.33E-09        -125.768E-09  
                1.284            -95.0826E-09      -161.726E-09       -127.425E-09  
                1.287            -91.5175E-09      -159.657E-09       -128.828E-09  
                1.29             -87.9232E-09      -157.326E-09       -130.057E-09  
                1.293            -84.3054E-09      -154.769E-09       -131.132E-09  
                1.296            -80.6666E-09      -151.827E-09       -131.893E-09  
                1.299            -77.0322E-09      -148.677E-09       -132.447E-09  
                1.302            -73.4017E-09      -145.344E-09       -132.815E-09  
                1.305            -69.8047E-09      -141.711E-09       -132.832E-09  
                1.308            -66.2395E-09      -137.925E-09       -132.635E-09  
                1.311            -62.7007E-09      -134.001E-09       -132.243E-09  
                1.314            -59.2299E-09      -129.87E-09        -131.485E-09  
                1.317            -55.8102E-09      -125.646E-09       -130.504E-09  
                1.32             -52.4372E-09      -121.343E-09       -129.325E-09  
                1.323            -49.1683E-09      -116.936E-09       -127.776E-09  
                1.326            -45.969E-09       -112.493E-09       -126.021E-09  
                1.329            -42.8323E-09      -108.018E-09       -124.087E-09  
                1.332            -39.8244E-09      -103.523E-09       -121.851E-09  
                1.335            -36.8981E-09       -99.0425E-09      -119.467E-09  
                1.338            -34.045E-09        -94.5745E-09      -116.95E-09   
                1.341            -31.3418E-09       -90.1768E-09      -114.226E-09  
                1.344            -28.731E-09        -85.8411E-09      -111.404E-09  
                1.347            -26.2024E-09       -81.5589E-09      -108.491E-09  
                1.35             -23.8359E-09       -77.4062E-09      -105.451E-09  
                1.353            -21.5658E-09       -73.3442E-09      -102.368E-09  
                1.356            -19.3832E-09       -69.366E-09        -99.2501E-09 
                1.359            -17.3708E-09       -65.5751E-09       -96.1173E-09 
                1.362            -15.4567E-09       -61.9038E-09       -92.9989E-09 
                1.365            -13.6322E-09       -58.3417E-09       -89.8942E-09 
                1.368            -11.9751E-09       -54.99E-09         -86.8281E-09 
                1.371            -10.4083E-09       -51.7499E-09       -83.7793E-09 
                1.374             -8.92374E-09      -48.6108E-09       -80.7445E-09 
                1.377             -7.58822E-09      -45.6539E-09       -77.7352E-09 
                1.38              -6.332E-09        -42.795E-09        -74.7415E-09 
                1.383             -5.14828E-09      -40.0242E-09       -71.7592E-09 
                1.386             -4.09832E-09      -37.4214E-09       -68.8089E-09 
                1.389             -3.11924E-09      -34.9097E-09       -65.8798E-09 
                1.392             -2.20563E-09      -32.4822E-09       -62.9707E-09 
                1.395             -1.41243E-09      -30.2134E-09       -60.1061E-09 
                1.398           -681.825E-12        -28.0292E-09       -57.2692E-09 
                1.401             -9.37831E-12      -25.9238E-09       -54.4582E-09 
                1.404            556.525E-12        -23.9669E-09       -51.7037E-09 
                1.407              1.06794E-09      -22.0884E-09       -48.9832E-09 
                1.41               1.52842E-09      -20.283E-09        -46.2939E-09 
                1.413              1.89636E-09      -18.6162E-09       -43.674E-09  
                1.416              2.21786E-09      -17.0221E-09       -41.0955E-09 
                1.419              2.4957E-09       -15.4956E-09       -38.5542E-09 
                1.422              2.69497E-09      -14.0972E-09       -36.0935E-09 
                1.425              2.85573E-09      -12.765E-09        -33.6794E-09 
                1.428              2.98013E-09      -11.4953E-09       -31.3098E-09 
                1.431              3.04007E-09      -10.3435E-09       -29.0329E-09 
                1.434              3.06936E-09       -9.25169E-09      -26.8087E-09 
                1.437              3.06955E-09       -8.21717E-09      -24.6351E-09 
                1.44               3.0195E-09        -7.29006E-09      -22.5666E-09 
                1.443              2.94656E-09       -6.41707E-09      -20.5569E-09 
                1.446              2.85172E-09       -5.59582E-09      -18.6034E-09 
                1.449              2.721E-09         -4.87166E-09      -16.7678E-09 
                1.452              2.57512E-09       -4.19582E-09      -14.9974E-09 
                1.455              2.4146E-09        -3.56629E-09      -13.2892E-09 
                1.458              2.23257E-09       -3.02333E-09      -11.7113E-09 
                1.461              2.04287E-09       -2.52267E-09      -10.2039E-09 
                1.464              1.84581E-09       -2.063E-09         -8.76499E-09
                1.467              1.64183E-09       -1.67947E-09       -7.46945E-09
                1.47               1.4376E-09        -1.33236E-09       -6.24989E-09
                1.473              1.23322E-09       -1.02078E-09       -5.10462E-09
                1.476              1.0366E-09      -774.904E-12         -4.11607E-09
                1.479            847.117E-12       -559.619E-12         -3.20891E-09
                1.482            664.68E-12        -374.35E-12          -2.38175E-09
                1.485            504.851E-12       -244.427E-12         -1.72516E-09
                1.488            359.014E-12       -139.105E-12         -1.15385E-09
                1.491            227.017E-12        -58.0738E-12      -666.797E-12  
                1.494            135.967E-12        -24.4167E-12      -377.566E-12  
                1.497             60.3248E-12        -5.08721E-12     -155.433E-12  
                1.5              245.466E-18        -20.7E-18         -632.454E-18  




